<?xml version="1.0" encoding="UTF-8"?>
<!-- Generated by org.testng.reporters.JUnitReportReporter -->
<testsuite hostname="txhsaraowgi901" name="Delete.DeleteReg" tests="1" failures="0" timestamp="14 Jun 2016 21:52:25 GMT" time="2.923" errors="0">
  <testcase name="DeleteAllReg" time="2.923" classname="Delete.DeleteReg"/>
</testsuite> <!-- Delete.DeleteReg -->
