<?xml version="1.0" encoding="UTF-8"?>
<!-- Generated by org.testng.reporters.JUnitReportReporter -->
<testsuite hostname="txhsaraowgi901" name="Delete.DeleteSession" tests="1" failures="0" timestamp="14 Jun 2016 20:42:18 GMT" time="0.713" errors="0">
  <testcase name="DeleteAllSessions" time="0.713" classname="Delete.DeleteSession"/>
</testsuite> <!-- Delete.DeleteSession -->
